t:\car\mfcappclient\mfcappclient\debug\mfcappclient.pch
t:\car\mfcappclient\mfcappclient\debug\vc140.pdb
t:\car\mfcappclient\mfcappclient\debug\vc140.idb
t:\car\mfcappclient\mfcappclient\debug\stdafx.obj
t:\car\mfcappclient\mfcappclient\debug\dlgproxy.obj
t:\car\mfcappclient\mfcappclient\debug\md5.obj
t:\car\mfcappclient\mfcappclient\debug\mfcappclient.obj
t:\car\mfcappclient\mfcappclient\debug\mfcappclientdlg.obj
t:\car\mfcappclient\mfcappclient\debug\threadfuniction.obj
t:\car\mfcappclient\debug\mfcappclient.ilk
t:\car\mfcappclient\debug\mfcappclient.exe
t:\car\mfcappclient\debug\mfcappclient.pdb
t:\car\mfcappclient\mfcappclient\debug\mfcappclient.tlb
t:\car\mfcappclient\mfcappclient\mfcappclient_i.c
t:\car\mfcappclient\mfcappclient\mfcappclient_h.h
t:\car\mfcappclient\mfcappclient\debug\mfcappclient.res
t:\car\mfcappclient\mfcappclient\debug\mfcappclient.tlog\cl.command.1.tlog
t:\car\mfcappclient\mfcappclient\debug\mfcappclient.tlog\cl.read.1.tlog
t:\car\mfcappclient\mfcappclient\debug\mfcappclient.tlog\cl.write.1.tlog
t:\car\mfcappclient\mfcappclient\debug\mfcappclient.tlog\link.command.1.tlog
t:\car\mfcappclient\mfcappclient\debug\mfcappclient.tlog\link.read.1.tlog
t:\car\mfcappclient\mfcappclient\debug\mfcappclient.tlog\link.write.1.tlog
t:\car\mfcappclient\mfcappclient\debug\mfcappclient.tlog\midl.command.1.tlog
t:\car\mfcappclient\mfcappclient\debug\mfcappclient.tlog\midl.read.1.tlog
t:\car\mfcappclient\mfcappclient\debug\mfcappclient.tlog\midl.write.1.tlog
t:\car\mfcappclient\mfcappclient\debug\mfcappclient.tlog\rc.command.1.tlog
t:\car\mfcappclient\mfcappclient\debug\mfcappclient.tlog\rc.read.1.tlog
t:\car\mfcappclient\mfcappclient\debug\mfcappclient.tlog\rc.write.1.tlog
